0 info it worked if it ends with ok
1 verbose cli [ 'C:\\Program Files\\nodejs\\node.exe',
1 verbose cli   'C:\\Program Files\\nodejs\\node_modules\\npm\\bin\\npm-cli.js',
1 verbose cli   'run',
1 verbose cli   'dev' ]
2 info using npm@3.10.3
3 info using node@v6.4.0
4 verbose run-script [ 'predev', 'dev', 'postdev' ]
5 info lifecycle @~predev: @
6 silly lifecycle @~predev: no script for predev, continuing
7 info lifecycle @~dev: @
8 verbose lifecycle @~dev: unsafe-perm in lifecycle true
9 verbose lifecycle @~dev: PATH: C:\Program Files\nodejs\node_modules\npm\bin\node-gyp-bin;C:\Users\Richard\Documents\GitHub\grand-hotel\node_modules\.bin;C:\Program Files\nodejs;C:\Program Files (x86)\NVIDIA Corporation\PhysX\Common;C:\Program Files\Haskell\bin;C:\Program Files\Haskell Platform\8.0.2\lib\extralibs\bin;C:\Program Files\Haskell Platform\8.0.2\bin;C:\ProgramData\Oracle\Java\javapath;C:\Windows\system32;C:\Windows;C:\Windows\System32\Wbem;C:\Windows\System32\WindowsPowerShell\v1.0\;C:\Program Files\Microsoft SQL Server\120\Tools\Binn\;C:\Program Files (x86)\Skype\Phone\;C:\Program Files (x86)\Windows Live\Shared;C:\Program Files\nodejs\;C:\Program Files (x86)\GtkSharp\2.12\bin;C:\Program Files (x86)\Git\bin;C:\Program Files (x86)\Git\cmd;C:\Program Files\Haskell Platform\8.0.2\mingw\bin;C:\Program Files\Git\cmd;C:\Bitnami\wampstack-5.6.23-1\php;C:\ProgramData\ComposerSetup\bin;C:\Users\Richard\AppData\Roaming\cabal\bin;C:\Users\Richard\AppData\Roaming\local\bin;C:\Users\Richard\AppData\Roaming\npm;C:\Program Files (x86)\Microsoft VS Code\bin;C:\Program Files\Git\git-cmd;C:\Users\Richard\AppData\Roaming\Composer\vendor\bin
10 verbose lifecycle @~dev: CWD: C:\Users\Richard\Documents\GitHub\grand-hotel
11 silly lifecycle @~dev: Args: [ '/d /s /c',
11 silly lifecycle   'node_modules/cross-env/bin/cross-env.js NODE_ENV=development node_modules/webpack/bin/webpack.js --progress --hide-modules --config=node_modules/laravel-mix/setup/webpack.config.js' ]
12 silly lifecycle @~dev: Returned: code: 1  signal: null
13 info lifecycle @~dev: Failed to exec dev script
14 verbose stack Error: @ dev: `node_modules/cross-env/bin/cross-env.js NODE_ENV=development node_modules/webpack/bin/webpack.js --progress --hide-modules --config=node_modules/laravel-mix/setup/webpack.config.js`
14 verbose stack Exit status 1
14 verbose stack     at EventEmitter.<anonymous> (C:\Program Files\nodejs\node_modules\npm\lib\utils\lifecycle.js:242:16)
14 verbose stack     at emitTwo (events.js:106:13)
14 verbose stack     at EventEmitter.emit (events.js:191:7)
14 verbose stack     at ChildProcess.<anonymous> (C:\Program Files\nodejs\node_modules\npm\lib\utils\spawn.js:40:14)
14 verbose stack     at emitTwo (events.js:106:13)
14 verbose stack     at ChildProcess.emit (events.js:191:7)
14 verbose stack     at maybeClose (internal/child_process.js:852:16)
14 verbose stack     at Process.ChildProcess._handle.onexit (internal/child_process.js:215:5)
15 verbose pkgid @
16 verbose cwd C:\Users\Richard\Documents\GitHub\grand-hotel
17 error Windows_NT 6.3.9600
18 error argv "C:\\Program Files\\nodejs\\node.exe" "C:\\Program Files\\nodejs\\node_modules\\npm\\bin\\npm-cli.js" "run" "dev"
19 error node v6.4.0
20 error npm  v3.10.3
21 error code ELIFECYCLE
22 error @ dev: `node_modules/cross-env/bin/cross-env.js NODE_ENV=development node_modules/webpack/bin/webpack.js --progress --hide-modules --config=node_modules/laravel-mix/setup/webpack.config.js`
22 error Exit status 1
23 error Failed at the @ dev script 'node_modules/cross-env/bin/cross-env.js NODE_ENV=development node_modules/webpack/bin/webpack.js --progress --hide-modules --config=node_modules/laravel-mix/setup/webpack.config.js'.
23 error Make sure you have the latest version of node.js and npm installed.
23 error If you do, this is most likely a problem with the  package,
23 error not with npm itself.
23 error Tell the author that this fails on your system:
23 error     node_modules/cross-env/bin/cross-env.js NODE_ENV=development node_modules/webpack/bin/webpack.js --progress --hide-modules --config=node_modules/laravel-mix/setup/webpack.config.js
23 error You can get information on how to open an issue for this project with:
23 error     npm bugs
23 error Or if that isn't available, you can get their info via:
23 error     npm owner ls
23 error There is likely additional logging output above.
24 verbose exit [ 1, true ]
